2024-09-19 16:42:17,562 - hermod - INFO - Starting Hermod...
2024-09-19 16:42:17,562 - hermod - INFO - Configuration loaded: {'app_name': 'Hermod', 'version': '0.1.0', 'author': 'Your Name', 'description': 'Autonomous AI-powered development assistant'}
2024-09-19 17:23:19,804 - hermod - INFO - Starting Hermod...
2024-09-19 17:23:19,805 - hermod - INFO - Configuration loaded: {'app_name': 'Hermod', 'version': '0.1.0', 'author': 'Your Name', 'description': 'Autonomous AI-powered development assistant'}
2024-09-19 17:23:19,805 - hermod - INFO - Generating code for prompt: Create a Python function that calculates the factorial of a number using recursion.
2024-09-19 17:23:19,805 - hermod - ERROR - Code generation failed.
2024-09-19 17:24:13,142 - hermod - INFO - Starting Hermod...
2024-09-19 17:24:13,142 - hermod - INFO - Configuration loaded: {'app_name': 'Hermod', 'version': '0.1.0', 'author': 'Your Name', 'description': 'Autonomous AI-powered development assistant'}
2024-09-19 17:24:13,142 - hermod - INFO - Generating code for prompt: Create a Python function that calculates the factorial of a number using recursion.
2024-09-19 17:24:13,626 - hermod - ERROR - Code generation failed.
2024-09-21 20:40:39,499 - hermod - INFO - Starting Hermod...
2024-09-21 20:40:39,500 - hermod - INFO - Configuration loaded: {'app_name': 'Hermod', 'version': '0.1.0', 'author': 'Kaynen Pellegrino', 'description': 'Autonomous AI-powered development assistant'}
2024-09-21 20:40:39,500 - hermod - INFO - Generating code for prompt: Create a function that calculates the factorial of a number using recursion. in JavaScript
2024-09-21 20:40:40,165 - hermod - ERROR - OpenAI API error: You exceeded your current quota, please check your plan and billing details. For more information on this error, read the docs: https://platform.openai.com/docs/guides/error-codes/api-errors.
2024-09-21 20:40:40,166 - hermod - ERROR - Code generation failed.
2024-09-21 20:40:40,166 - hermod - INFO - Generating project for specification: Create a project for data analysis with modules for data processing and visualization. in Python
2024-09-21 20:40:40,269 - hermod - ERROR - OpenAI API error: You exceeded your current quota, please check your plan and billing details. For more information on this error, read the docs: https://platform.openai.com/docs/guides/error-codes/api-errors.
2024-09-21 20:50:21,976 - hermod - INFO - Starting Hermod...
2024-09-21 20:50:21,977 - hermod - INFO - Configuration loaded: {'app_name': 'Hermod', 'version': '0.1.0', 'author': 'Kaynen Pellegrino', 'description': 'Autonomous AI-powered development assistant'}
2024-09-21 20:50:21,977 - hermod - INFO - Generating code for prompt: Create a function that calculates the factorial of a number using recursion. in JavaScript
2024-09-21 20:50:22,273 - hermod - ERROR - OpenAI API error: You exceeded your current quota, please check your plan and billing details. For more information on this error, read the docs: https://platform.openai.com/docs/guides/error-codes/api-errors.
2024-09-21 20:50:22,273 - hermod - ERROR - Code generation failed.
2024-09-21 20:50:22,274 - hermod - INFO - Generating project for specification: Create a project for data analysis with modules for data processing and visualization. in Python
2024-09-21 20:50:22,354 - hermod - ERROR - OpenAI API error: You exceeded your current quota, please check your plan and billing details. For more information on this error, read the docs: https://platform.openai.com/docs/guides/error-codes/api-errors.
2024-09-21 20:50:22,354 - hermod - ERROR - Failed to generate code for data_processing.py
2024-09-21 20:50:22,432 - hermod - ERROR - OpenAI API error: You exceeded your current quota, please check your plan and billing details. For more information on this error, read the docs: https://platform.openai.com/docs/guides/error-codes/api-errors.
2024-09-21 20:50:22,432 - hermod - ERROR - Failed to generate code for visualization.py
2024-09-21 20:50:22,510 - hermod - ERROR - OpenAI API error: You exceeded your current quota, please check your plan and billing details. For more information on this error, read the docs: https://platform.openai.com/docs/guides/error-codes/api-errors.
2024-09-21 20:50:22,510 - hermod - ERROR - Failed to generate code for README.md
2024-09-21 20:50:22,510 - hermod - INFO - Generating project: FlaskWebApp
2024-09-21 20:50:22,586 - hermod - ERROR - OpenAI API error: You exceeded your current quota, please check your plan and billing details. For more information on this error, read the docs: https://platform.openai.com/docs/guides/error-codes/api-errors.
2024-09-21 20:50:22,586 - hermod - ERROR - Failed to generate code for data_processing.py
2024-09-21 20:50:22,680 - hermod - ERROR - OpenAI API error: You exceeded your current quota, please check your plan and billing details. For more information on this error, read the docs: https://platform.openai.com/docs/guides/error-codes/api-errors.
2024-09-21 20:50:22,680 - hermod - ERROR - Failed to generate code for visualization.py
2024-09-21 20:50:22,762 - hermod - ERROR - OpenAI API error: You exceeded your current quota, please check your plan and billing details. For more information on this error, read the docs: https://platform.openai.com/docs/guides/error-codes/api-errors.
2024-09-21 20:50:22,762 - hermod - ERROR - Failed to generate code for README.md
2024-09-21 20:50:22,762 - hermod - INFO - Generating project: ZipTool
2024-09-21 20:50:22,833 - hermod - ERROR - OpenAI API error: You exceeded your current quota, please check your plan and billing details. For more information on this error, read the docs: https://platform.openai.com/docs/guides/error-codes/api-errors.
2024-09-21 20:50:22,833 - hermod - ERROR - Failed to generate code for data_processing.py
2024-09-21 20:50:22,906 - hermod - ERROR - OpenAI API error: You exceeded your current quota, please check your plan and billing details. For more information on this error, read the docs: https://platform.openai.com/docs/guides/error-codes/api-errors.
2024-09-21 20:50:22,906 - hermod - ERROR - Failed to generate code for visualization.py
2024-09-21 20:50:22,984 - hermod - ERROR - OpenAI API error: You exceeded your current quota, please check your plan and billing details. For more information on this error, read the docs: https://platform.openai.com/docs/guides/error-codes/api-errors.
2024-09-21 20:50:22,984 - hermod - ERROR - Failed to generate code for README.md
2024-09-21 21:11:09,712 - hermod - INFO - Starting Hermod...
2024-09-21 21:11:09,713 - hermod - INFO - Configuration loaded: {'app_name': 'Hermod', 'version': '0.1.0', 'author': 'Kaynen Pellegrino', 'description': 'Autonomous AI-powered development assistant'}
2024-09-21 21:11:09,713 - hermod - INFO - Generating code for prompt: Create a function that calculates the factorial of a number using recursion. in JavaScript
2024-09-21 21:11:12,405 - hermod - INFO - Code generation successful.
2024-09-21 21:11:12,405 - hermod - INFO - Code generation successful.
2024-09-21 21:11:12,406 - hermod - INFO - Code saved to generated_code\factorial.js
2024-09-21 21:11:12,406 - hermod - INFO - Generating project for specification: Create a project for data analysis with modules for data processing and visualization. in Python
2024-09-21 21:11:17,588 - hermod - INFO - Code generation successful.
2024-09-21 21:11:17,589 - hermod - INFO - Code saved to DataAnalysisProject\data_processing.py
2024-09-21 21:11:17,589 - hermod - INFO - Generated and saved data_processing.py in DataAnalysisProject/
2024-09-21 21:11:25,204 - hermod - INFO - Code generation successful.
2024-09-21 21:11:25,205 - hermod - INFO - Code saved to DataAnalysisProject\visualization.py
2024-09-21 21:11:25,205 - hermod - INFO - Generated and saved visualization.py in DataAnalysisProject/
2024-09-21 21:11:32,839 - hermod - INFO - Code generation successful.
2024-09-21 21:11:32,842 - hermod - INFO - Code saved to DataAnalysisProject\README.md
2024-09-21 21:11:32,842 - hermod - INFO - Generated and saved README.md in DataAnalysisProject/
2024-09-21 21:11:32,842 - hermod - INFO - Generating project: FlaskWebApp
2024-09-21 21:11:37,214 - hermod - INFO - Code generation successful.
2024-09-21 21:11:37,215 - hermod - INFO - Code saved to FlaskWebApp\data_processing.py
2024-09-21 21:11:37,215 - hermod - INFO - Generated and saved data_processing.py in FlaskWebApp/
2024-09-21 21:11:45,441 - hermod - INFO - Code generation successful.
2024-09-21 21:11:45,442 - hermod - INFO - Code saved to FlaskWebApp\visualization.py
2024-09-21 21:11:45,442 - hermod - INFO - Generated and saved visualization.py in FlaskWebApp/
2024-09-21 21:11:50,903 - hermod - INFO - Code generation successful.
2024-09-21 21:11:50,904 - hermod - INFO - Code saved to FlaskWebApp\README.md
2024-09-21 21:11:50,904 - hermod - INFO - Generated and saved README.md in FlaskWebApp/
2024-09-21 21:11:50,904 - hermod - INFO - Generating project: ZipTool
2024-09-21 21:11:59,732 - hermod - INFO - Code generation successful.
2024-09-21 21:11:59,733 - hermod - INFO - Code saved to ZipTool\data_processing.py
2024-09-21 21:11:59,733 - hermod - INFO - Generated and saved data_processing.py in ZipTool/
2024-09-21 21:12:06,722 - hermod - INFO - Code generation successful.
2024-09-21 21:12:06,723 - hermod - INFO - Code saved to ZipTool\visualization.py
2024-09-21 21:12:06,723 - hermod - INFO - Generated and saved visualization.py in ZipTool/
2024-09-21 21:12:11,939 - hermod - INFO - Code generation successful.
2024-09-21 21:12:11,939 - hermod - INFO - Code saved to ZipTool\README.md
2024-09-21 21:12:11,940 - hermod - INFO - Generated and saved README.md in ZipTool/
2024-09-21 21:45:53,474 - hermod - INFO - Starting static code analysis using pylint...
2024-09-21 21:45:53,474 - hermod - INFO - Analyzing directory: hermod/core
2024-09-21 21:45:56,004 - hermod - INFO - Static analysis report saved to logs\pylint_report_core.txt
2024-09-21 21:45:56,004 - hermod - WARNING - Issues found in hermod/core. Check the report for details.
2024-09-21 21:45:56,004 - hermod - INFO - Analyzing directory: hermod/utils
2024-09-21 21:45:56,787 - hermod - INFO - Static analysis report saved to logs\pylint_report_utils.txt
2024-09-21 21:45:56,788 - hermod - WARNING - Issues found in hermod/utils. Check the report for details.
2024-09-21 22:07:10,871 - hermod - INFO - Starting static code analysis using pylint...
2024-09-21 22:07:10,871 - hermod - INFO - Analyzing directory: hermod/core
2024-09-21 22:07:12,087 - hermod - INFO - Static analysis report saved to logs\pylint_report_core.txt
2024-09-21 22:07:12,088 - hermod - WARNING - Issues found in hermod/core. Check the report for details.
2024-09-21 22:07:12,088 - hermod - INFO - Analyzing directory: hermod/utils
2024-09-21 22:07:12,895 - hermod - INFO - Static analysis report saved to logs\pylint_report_utils.txt
2024-09-21 22:07:12,895 - hermod - WARNING - Issues found in hermod/utils. Check the report for details.
2024-09-21 22:11:41,875 - hermod - INFO - Starting static code analysis using pylint...
2024-09-21 22:11:41,875 - hermod - INFO - Analyzing directory: hermod/core
2024-09-21 22:11:42,831 - hermod - INFO - Static analysis report saved to logs\pylint_report_core.txt
2024-09-21 22:11:42,831 - hermod - WARNING - Issues found in hermod/core. Check the report for details.
2024-09-21 22:11:42,831 - hermod - INFO - Analyzing directory: hermod/utils
2024-09-21 22:11:43,636 - hermod - INFO - Static analysis report saved to logs\pylint_report_utils.txt
2024-09-21 22:11:43,636 - hermod - INFO - No issues found in hermod/utils.
2024-09-21 22:12:38,256 - hermod - INFO - Starting static code analysis using pylint...
2024-09-21 22:12:38,257 - hermod - INFO - Analyzing directory: hermod/core
2024-09-21 22:12:38,935 - hermod - INFO - Static analysis report saved to logs\pylint_report_core.txt
2024-09-21 22:12:38,935 - hermod - WARNING - Issues found in hermod/core. Check the report for details.
2024-09-21 22:12:38,935 - hermod - INFO - Analyzing directory: hermod/utils
2024-09-21 22:12:39,735 - hermod - INFO - Static analysis report saved to logs\pylint_report_utils.txt
2024-09-21 22:12:39,736 - hermod - INFO - No issues found in hermod/utils.
2024-09-21 22:12:49,730 - hermod - INFO - Starting static code analysis using pylint...
2024-09-21 22:12:49,730 - hermod - INFO - Analyzing directory: hermod/core
2024-09-21 22:12:50,761 - hermod - INFO - Static analysis report saved to logs\pylint_report_core.txt
2024-09-21 22:12:50,762 - hermod - WARNING - Issues found in hermod/core. Check the report for details.
2024-09-21 22:12:50,762 - hermod - INFO - Analyzing directory: hermod/utils
2024-09-21 22:12:51,559 - hermod - INFO - Static analysis report saved to logs\pylint_report_utils.txt
2024-09-21 22:12:51,559 - hermod - INFO - No issues found in hermod/utils.
2024-09-21 22:13:48,715 - hermod - INFO - Starting performance profiling using cProfile...
2024-09-21 22:13:48,716 - hermod - INFO - Starting Hermod...
2024-09-21 22:13:48,716 - hermod - INFO - Configuration loaded: {'app_name': 'Hermod', 'version': '0.1.0', 'author': 'Your Name', 'description': 'Autonomous AI-powered development assistant'}
2024-09-21 22:13:48,717 - hermod - INFO - Generating code for prompt: Create a function that calculates the factorial of a number using recursion. in JavaScript
2024-09-21 22:13:51,886 - hermod - INFO - Code generation successful.
2024-09-21 22:13:51,886 - hermod - INFO - Code generation successful.
2024-09-21 22:13:51,887 - hermod - INFO - Code saved to generated_code\factorial.js
2024-09-21 22:13:51,887 - hermod - INFO - Generating project for specification: Create a project for data analysis with modules for data processing and visualization. in Python
2024-09-21 22:15:29,531 - hermod - ERROR - Unexpected error: API Error
2024-09-21 22:15:29,531 - hermod - INFO - Code generation successful.
2024-09-21 22:16:03,919 - hermod - INFO - Generating tests for module: hermod/core/code_generation.py
2024-09-21 22:16:13,198 - hermod - INFO - Code generation successful.
2024-09-21 22:16:13,198 - hermod - INFO - Generated and saved tests to tests\test_code_generation.py
2024-09-21 22:17:37,770 - hermod - INFO - Analyzing logs for debugging...
2024-09-21 22:17:43,572 - hermod - INFO - Code generation successful.
2024-09-21 22:17:43,572 - hermod - INFO - Suggested fix:
2024-09-21 22:17:43,572 - hermod - INFO - Based on the provided error log, there are no explicit error messages or indications of failure. Instead, the log entries show a sequence of successful operations, including code generation and test generation for a specific module (`hermod/core/code_generation.py`). The last log entry indicates that the system is analyzing logs for debugging, which suggests that there might be an underlying issue being investigated.

Here are some potential steps to consider for troubleshooting and fixing any issues that may arise, even though they aren't explicitly mentioned in the log:

1. **Check for Warnings or Errors**: Since the log does not show any errors, it would be prudent to check further back in the log files for any warnings or error messages that might have occurred prior to the provided entries.

2. **Review the Generated Code and Tests**:
   - Ensure that the generated code (from `hermod/core/code_generation.py`) and the generated tests (in `tests/test_code_generation.py`) are functioning as expected. Run the tests to confirm their validity.

3. **Check for Missing Dependencies**: If the code generation or test generation relies on external libraries or modules, ensure that all necessary dependencies are installed and correctly configured.

4. **Verify Log Analysis Output**: The log mentions that the system is analyzing logs for debugging. Review the output of this analysis to see if it highlights any potential issues or areas of concern.

5. **Increase Logging Verbosity**: If debugging is needed, consider increasing the logging verbosity to capture more detailed information about the operations being performed, which can help identify issues.

6. **Run in Isolation**: If possible, try to run the code generation and test generation in isolation to see if the issue is reproducible. This can help isolate the problem from other parts of the system.

7. **Consult Documentation**: If there are any specific configurations or prerequisites for `hermod`, consult the documentation for guidance on best practices and troubleshooting steps.

8. **Code Review**: If there are recent changes to `hermod/core/code_generation.py`, conduct a code review to check for any potential bugs or regressions introduced in the new code.

9. **Seek Community Input**: If the problem persists and is not clear, consider reaching out to the developer community or forums related to `hermod` for additional advice and assistance.

By following these steps, you should be able to identify and fix any underlying issues that may not be apparent from the log entries provided. If you have more specific details about the symptoms of the problem, I can provide more targeted suggestions.
2024-09-21 22:18:34,013 - hermod - INFO - Refactoring module: hermod/core/code_generation.py
2024-09-21 22:18:39,957 - hermod - INFO - Code generation successful.
2024-09-21 22:18:39,958 - hermod - INFO - Refactored code saved to hermod/core/code_generation_refactored.py for review.
2024-09-21 22:27:55,892 - hermod - INFO - Starting static code analysis using pylint...
2024-09-21 22:27:55,892 - hermod - INFO - Analyzing directory: hermod/core
2024-09-21 22:27:57,037 - hermod - INFO - Static analysis report saved to logs\pylint_report_core.txt
2024-09-21 22:27:57,037 - hermod - WARNING - Issues found in hermod/core. Check the report for details.
2024-09-21 22:27:57,037 - hermod - INFO - Analyzing directory: hermod/utils
2024-09-21 22:27:57,917 - hermod - INFO - Static analysis report saved to logs\pylint_report_utils.txt
2024-09-21 22:27:57,917 - hermod - INFO - No issues found in hermod/utils.
2024-09-21 22:28:13,760 - hermod - INFO - Starting performance profiling using cProfile...
2024-09-21 22:28:13,761 - hermod - INFO - Starting Hermod...
2024-09-21 22:28:13,762 - hermod - INFO - Configuration loaded: {'app_name': 'Hermod', 'author': 'Your Name', 'description': 'Autonomous AI-powered development assistant', 'version': '0.1.0'}
2024-09-21 22:28:13,762 - hermod - INFO - Generating code for prompt: Create a function that calculates the factorial of a number using recursion. in JavaScript
2024-09-21 22:28:16,085 - hermod - INFO - Code generation successful.
2024-09-21 22:28:16,085 - hermod - INFO - Code generation successful.
2024-09-21 22:28:16,086 - hermod - INFO - Code saved to generated_code\factorial.js
2024-09-21 22:28:16,086 - hermod - INFO - Generating project for specification: Create a project for data analysis with modules for data processing and visualization. in Python
2024-09-21 22:29:01,418 - hermod - INFO - Generating tests for module: hermod/core/code_generation.py
2024-09-21 22:29:07,674 - hermod - INFO - Code generation successful.
2024-09-21 22:29:07,674 - hermod - INFO - Generated and saved tests to tests\test_code_generation.py
2024-09-21 22:29:18,634 - hermod - INFO - Analyzing logs for debugging...
2024-09-21 22:29:22,582 - hermod - INFO - Code generation successful.
2024-09-21 22:29:22,583 - hermod - INFO - Suggested fix:
2024-09-21 22:29:22,583 - hermod - INFO - Based on the provided log entries, there are no explicit error messages indicating a failure or issue. The log shows a successful process of generating a project for data analysis, generating tests, and saving them to a specified location. However, the last entry indicates that the system is analyzing logs for debugging, which suggests that there might be some underlying concern that is not explicitly mentioned.

Here are a few potential areas to investigate or fix based on this context:

1. **Check for Unhandled Exceptions**: Although the log entries indicate successful operations, ensure that there are no unhandled exceptions that might not have been logged. Review the code in `hermod/core/code_generation.py` to ensure that all exceptions are appropriately caught and logged.

2. **Review the Test Generation**: Verify that the generated tests in `tests\test_code_generation.py` cover all necessary cases. You might want to run these tests to ensure they are functioning as expected.

3. **Verbose Logging**: If you are investigating issues, consider increasing the verbosity of the logging for more detailed output. This can help identify problems that are not apparent in the current log entries.

4. **Log Analysis**: The final log entry indicates log analysis for debugging. Ensure that the log analysis tool or script is functioning correctly and is set to capture relevant information. If there are specific patterns or performance issues, you might want to add more logging around those areas.

5. **Documentation**: Ensure that the specifications for the project and the generated code are properly documented. This can help future debugging and understanding of the code generation process.

If you identify specific issues during your investigation, you can then apply more targeted fixes. If there are further logs or specific error messages that you encounter, please provide them for more precise assistance.
2024-09-21 22:29:44,488 - hermod - INFO - Refactoring module: hermod/core/code_generation.py
2024-09-21 22:29:51,443 - hermod - INFO - Code generation successful.
2024-09-21 22:29:51,445 - hermod - INFO - Refactored code saved to hermod/core/code_generation_refactored.py for review.
2024-09-21 22:45:49,765 - hermod - INFO - Generating tests for module: hermod/core/code_generation.py
2024-09-21 22:45:54,115 - hermod - INFO - Code generation successful.
2024-09-21 22:45:54,116 - hermod - INFO - Generated and saved tests to tests\test_code_generation.py
2024-09-21 22:46:56,583 - hermod - INFO - Starting performance profiling using cProfile...
2024-09-21 22:46:56,584 - hermod - INFO - Starting Hermod...
2024-09-21 22:46:56,585 - hermod - INFO - Configuration loaded: {'app_name': 'Hermod', 'author': 'Your Name', 'description': 'Autonomous AI-powered development assistant', 'version': '0.1.0'}
2024-09-21 22:46:56,585 - hermod - INFO - Generating code for prompt: Create a function that calculates the factorial of a number using recursion. in JavaScript
2024-09-21 22:46:58,003 - hermod - INFO - Code generation successful.
2024-09-21 22:46:58,004 - hermod - INFO - Code generation successful.
2024-09-21 22:46:58,004 - hermod - INFO - Code saved to generated_code\factorial.js
2024-09-21 22:46:58,004 - hermod - INFO - Generating project for specification: Create a project for data analysis with modules for data processing and visualization. in Python
2024-09-21 22:46:58,004 - hermod - INFO - Project specification: Create a project for data analysis with modules for data processing and visualization.
2024-09-21 22:46:59,684 - hermod - INFO - Code generation successful.
2024-09-21 22:46:59,685 - hermod - INFO - Code saved to DataAnalysisProject\data_processing.py
2024-09-21 22:46:59,685 - hermod - INFO - Generated and saved data_processing.py in DataAnalysisProject/
2024-09-21 22:47:02,858 - hermod - INFO - Code generation successful.
2024-09-21 22:47:02,858 - hermod - INFO - Code saved to DataAnalysisProject\visualization.py
2024-09-21 22:47:02,859 - hermod - INFO - Generated and saved visualization.py in DataAnalysisProject/
2024-09-21 22:47:04,969 - hermod - INFO - Code generation successful.
2024-09-21 22:47:04,969 - hermod - INFO - Code saved to DataAnalysisProject\README.md
2024-09-21 22:47:04,970 - hermod - INFO - Generated and saved README.md in DataAnalysisProject/
2024-09-21 22:47:04,970 - hermod - INFO - Generating project: FlaskWebApp
2024-09-21 22:47:04,970 - hermod - INFO - Project specification: Create a simple web application using Flask that has a homepage and an about page.
2024-09-21 22:47:06,686 - hermod - INFO - Code generation successful.
2024-09-21 22:47:06,687 - hermod - INFO - Code saved to FlaskWebApp\data_processing.py
2024-09-21 22:47:06,687 - hermod - INFO - Generated and saved data_processing.py in FlaskWebApp/
2024-09-21 22:47:09,667 - hermod - INFO - Code generation successful.
2024-09-21 22:47:09,668 - hermod - INFO - Code saved to FlaskWebApp\visualization.py
2024-09-21 22:47:09,668 - hermod - INFO - Generated and saved visualization.py in FlaskWebApp/
2024-09-21 22:47:11,752 - hermod - INFO - Code generation successful.
2024-09-21 22:47:11,753 - hermod - INFO - Code saved to FlaskWebApp\README.md
2024-09-21 22:47:11,753 - hermod - INFO - Generated and saved README.md in FlaskWebApp/
2024-09-21 22:47:11,753 - hermod - INFO - Generating project: ZipTool
2024-09-21 22:47:11,754 - hermod - INFO - Project specification: Develop a command-line tool in Python that compresses and decompresses files using ZIP format.
2024-09-21 22:47:13,846 - hermod - INFO - Code generation successful.
2024-09-21 22:47:13,847 - hermod - INFO - Code saved to ZipTool\data_processing.py
2024-09-21 22:47:13,847 - hermod - INFO - Generated and saved data_processing.py in ZipTool/
2024-09-21 22:47:16,979 - hermod - INFO - Code generation successful.
2024-09-21 22:47:16,980 - hermod - INFO - Code saved to ZipTool\visualization.py
2024-09-21 22:47:16,980 - hermod - INFO - Generated and saved visualization.py in ZipTool/
2024-09-21 22:47:19,097 - hermod - INFO - Code generation successful.
2024-09-21 22:47:19,098 - hermod - INFO - Code saved to ZipTool\README.md
2024-09-21 22:47:19,099 - hermod - INFO - Generated and saved README.md in ZipTool/
2024-09-21 22:47:19,107 - hermod - INFO - Performance profiling report saved to logs/performance_profile.txt
2024-09-21 22:47:26,807 - hermod - INFO - Starting static code analysis using pylint...
2024-09-21 22:47:26,807 - hermod - INFO - Analyzing directory: hermod/core
2024-09-21 22:47:28,251 - hermod - INFO - Static analysis report saved to logs\pylint_report_core.txt
2024-09-21 22:47:28,251 - hermod - WARNING - Issues found in hermod/core. Check the report for details.
2024-09-21 22:47:28,251 - hermod - INFO - Analyzing directory: hermod/utils
2024-09-21 22:47:29,093 - hermod - INFO - Static analysis report saved to logs\pylint_report_utils.txt
2024-09-21 22:47:29,093 - hermod - INFO - No issues found in hermod/utils.
2024-09-21 23:10:38,850 - hermod - INFO - Starting Hermod...
2024-09-21 23:10:38,851 - hermod - INFO - Configuration loaded: {'app_name': 'Hermod', 'author': 'Your Name', 'description': 'Autonomous AI-powered development assistant', 'version': '0.1.0'}
2024-09-21 23:10:38,851 - hermod - INFO - Generating code for prompt: Create a function that calculates the factorial of a number using recursion. in JavaScript
2024-09-21 23:10:39,534 - hermod - INFO - Code generation successful.
2024-09-21 23:10:39,535 - hermod - INFO - Code saved to generated_code\factorial.js
2024-09-21 23:10:39,535 - hermod - INFO - Generating project for specification: Create a project for data analysis with modules for data processing and visualization. in Python
2024-09-21 23:10:39,535 - hermod - INFO - Project specification: Create a project for data analysis with modules for data processing and visualization.
2024-09-21 23:10:41,248 - hermod - INFO - Code generation successful.
2024-09-21 23:10:43,426 - hermod - INFO - Code generation successful.
2024-09-21 23:10:43,427 - hermod - INFO - Code saved to DataAnalysisProject\data_loader.py.py
2024-09-21 23:10:43,427 - hermod - INFO - Generated and saved data_loader.py.py in DataAnalysisProject/
2024-09-21 23:10:46,677 - hermod - INFO - Code generation successful.
2024-09-21 23:10:46,678 - hermod - INFO - Code saved to DataAnalysisProject\data_cleaner.py.py
2024-09-21 23:10:46,678 - hermod - INFO - Generated and saved data_cleaner.py.py in DataAnalysisProject/
2024-09-21 23:10:50,533 - hermod - INFO - Code generation successful.
2024-09-21 23:10:50,534 - hermod - INFO - Code saved to DataAnalysisProject\eda.py.py
2024-09-21 23:10:50,534 - hermod - INFO - Generated and saved eda.py.py in DataAnalysisProject/
2024-09-21 23:10:54,840 - hermod - INFO - Code generation successful.
2024-09-21 23:10:54,841 - hermod - INFO - Code saved to DataAnalysisProject\statistical_analysis.py.py
2024-09-21 23:10:54,841 - hermod - INFO - Generated and saved statistical_analysis.py.py in DataAnalysisProject/
2024-09-21 23:10:59,611 - hermod - INFO - Code generation successful.
2024-09-21 23:10:59,611 - hermod - INFO - Code saved to DataAnalysisProject\visualization.py.py
2024-09-21 23:10:59,612 - hermod - INFO - Generated and saved visualization.py.py in DataAnalysisProject/
2024-09-21 23:11:01,396 - hermod - INFO - Code generation successful.
2024-09-21 23:11:01,397 - hermod - INFO - Code saved to DataAnalysisProject\report_generator.py.py
2024-09-21 23:11:01,397 - hermod - INFO - Generated and saved report_generator.py.py in DataAnalysisProject/
2024-09-21 23:11:03,328 - hermod - INFO - Code generation successful.
2024-09-21 23:11:03,329 - hermod - INFO - Code saved to DataAnalysisProject\main.py.py
2024-09-21 23:11:03,329 - hermod - INFO - Generated and saved main.py.py in DataAnalysisProject/
2024-09-22 03:23:40,097 - hermod - INFO - Configuration loaded: {'app_name': 'Hermod', 'author': 'Your Name', 'description': 'Autonomous AI-powered development assistant', 'version': '0.1.0'}
2024-09-22 03:23:40,099 - hermod - INFO - Starting application development workflow for project: SelfOptimizationTest
2024-09-22 03:23:40,099 - hermod - INFO - Project specification: Optimize and refactor the code for performance improvements
2024-09-22 03:23:42,480 - hermod - INFO - Code generation successful.
2024-09-22 03:23:42,480 - hermod - ERROR - Failed to parse components JSON: Expecting value: line 1 column 1 (char 0)
2024-09-22 03:23:42,480 - hermod - ERROR - No components generated from the specification.
2024-09-22 03:23:42,480 - hermod - INFO - Initialized a new AI model for refactoring.
2024-09-22 03:23:42,483 - hermod - INFO - Running tests for project: SelfOptimizationTest
2024-09-22 03:23:42,483 - hermod - WARNING - Tests directory SelfOptimizationTest\tests does not exist.
2024-09-22 03:23:42,483 - hermod - INFO - Rolling back changes for SelfOptimizationTest
2024-09-22 03:23:42,543 - hermod - ERROR - An unexpected error occurred: Command '['git', 'checkout', '--', 'SelfOptimizationTest']' returned non-zero exit status 1.
Traceback (most recent call last):
  File "C:\Users\kayne\PycharmProjects\Hermod\hermod\main.py", line 102, in main
    develop_application(args.specification, project_name=args.name, language=args.language)
  File "C:\Users\kayne\PycharmProjects\Hermod\hermod\core\workflow.py", line 119, in develop_application
    rollback_changes(project_name)
  File "C:\Users\kayne\PycharmProjects\Hermod\hermod\core\version_control.py", line 12, in rollback_changes
    subprocess.run(['git', 'checkout', '--', module_path], check=True)
  File "C:\Users\kayne\AppData\Local\Programs\Python\Python312\Lib\subprocess.py", line 571, in run
    raise CalledProcessError(retcode, process.args,
subprocess.CalledProcessError: Command '['git', 'checkout', '--', 'SelfOptimizationTest']' returned non-zero exit status 1.
2024-09-22 03:27:05,096 - hermod - INFO - Configuration loaded: {'app_name': 'Hermod', 'author': 'Your Name', 'description': 'Autonomous AI-powered development assistant', 'version': '0.1.0'}
2024-09-22 03:27:05,096 - hermod - INFO - Starting application development workflow for project: SelfOptimizationTest
2024-09-22 03:27:05,096 - hermod - ERROR - An unexpected error occurred: name 'logger' is not defined
Traceback (most recent call last):
  File "C:\Users\kayne\PycharmProjects\Hermod\hermod\main.py", line 102, in main
    develop_application(args.specification, project_name=args.name, language=args.language)
  File "C:\Users\kayne\PycharmProjects\Hermod\hermod\core\workflow.py", line 76, in develop_application
    generate_project(specification, project_name=project_name, language=language)
  File "C:\Users\kayne\PycharmProjects\Hermod\hermod\core\project_generator.py", line 55, in generate_project
    logger.info("Project specification: %s", specification)
    ^^^^^^
NameError: name 'logger' is not defined
2024-09-22 03:28:14,347 - hermod - INFO - Configuration loaded: {'app_name': 'Hermod', 'author': 'Your Name', 'description': 'Autonomous AI-powered development assistant', 'version': '0.1.0'}
2024-09-22 03:28:14,348 - hermod - INFO - Starting application development workflow for project: SelfOptimizationTest
2024-09-22 03:28:14,348 - hermod - INFO - Project specification: Optimize and refactor the code for performance improvements
2024-09-22 03:28:18,525 - hermod - INFO - Code generation successful.
2024-09-22 03:28:18,525 - hermod - ERROR - Code generation returned no response.
2024-09-22 03:28:18,525 - hermod - ERROR - No components generated from the specification.
2024-09-22 03:28:18,525 - hermod - INFO - Initialized a new AI model for refactoring.
2024-09-22 03:28:18,528 - hermod - INFO - Running tests for project: SelfOptimizationTest
2024-09-22 03:28:18,598 - hermod - ERROR - Some tests failed.
2024-09-22 03:28:18,598 - hermod - INFO - Rolling back changes for SelfOptimizationTest
2024-09-22 03:28:18,664 - hermod - ERROR - Failed to rollback changes for SelfOptimizationTest: Command '['git', 'checkout', '--', 'SelfOptimizationTest']' returned non-zero exit status 1.
2024-09-22 03:28:18,664 - hermod - INFO - Generating documentation for project: SelfOptimizationTest
2024-09-22 03:28:19,075 - hermod - INFO - Sphinx documentation initialized.
2024-09-22 03:28:19,348 - hermod - ERROR - Failed to generate documentation: Command '['sphinx-apidoc', '-o', 'docs/source', '../core']' returned non-zero exit status 1.
2024-09-22 03:28:19,352 - hermod - INFO - Running security scan on project: SelfOptimizationTest
2024-09-22 03:28:19,353 - hermod - ERROR - An unexpected error occurred: [WinError 2] The system cannot find the file specified
Traceback (most recent call last):
  File "C:\Users\kayne\PycharmProjects\Hermod\hermod\main.py", line 102, in main
    develop_application(args.specification, project_name=args.name, language=args.language)
  File "C:\Users\kayne\PycharmProjects\Hermod\hermod\core\workflow.py", line 125, in develop_application
    run_security_scan(project_name)
  File "C:\Users\kayne\PycharmProjects\Hermod\hermod\core\security.py", line 76, in run_security_scan
    result = subprocess.run(['bandit', '-r', project_path], capture_output=True, text=True, check=True)
             ^^^^^^^^^^^^^^^^^^^^^^^^^^^^^^^^^^^^^^^^^^^^^^^^^^^^^^^^^^^^^^^^^^^^^^^^^^^^^^^^^^^^^^^^^^
  File "C:\Users\kayne\AppData\Local\Programs\Python\Python312\Lib\subprocess.py", line 548, in run
    with Popen(*popenargs, **kwargs) as process:
         ^^^^^^^^^^^^^^^^^^^^^^^^^^^
  File "C:\Users\kayne\AppData\Local\Programs\Python\Python312\Lib\subprocess.py", line 1026, in __init__
    self._execute_child(args, executable, preexec_fn, close_fds,
  File "C:\Users\kayne\AppData\Local\Programs\Python\Python312\Lib\subprocess.py", line 1538, in _execute_child
    hp, ht, pid, tid = _winapi.CreateProcess(executable, args,
                       ^^^^^^^^^^^^^^^^^^^^^^^^^^^^^^^^^^^^^^^
FileNotFoundError: [WinError 2] The system cannot find the file specified
2024-09-22 03:32:50,064 - hermod - INFO - Configuration loaded: {'app_name': 'Hermod', 'author': 'Your Name', 'description': 'Autonomous AI-powered development assistant', 'version': '0.1.0'}
2024-09-22 03:32:50,065 - hermod - INFO - Starting application development workflow for project: SelfOptimizationTest
2024-09-22 03:32:50,065 - hermod - INFO - Project specification: Optimize and refactor the code for performance improvements
2024-09-22 03:32:52,053 - hermod - INFO - Code generation successful.
2024-09-22 03:32:52,054 - hermod - ERROR - Code generation returned no response.
2024-09-22 03:32:52,054 - hermod - ERROR - No components generated from the specification.
2024-09-22 03:32:52,054 - hermod - INFO - Initialized a new AI model for refactoring.
2024-09-22 03:32:52,056 - hermod - INFO - Running tests for project: SelfOptimizationTest
2024-09-22 03:32:52,123 - hermod - ERROR - Some tests failed.
2024-09-22 03:32:52,123 - hermod - INFO - Rolling back changes for SelfOptimizationTest
2024-09-22 03:32:52,176 - hermod - ERROR - Failed to rollback changes for SelfOptimizationTest: Command '['git', 'checkout', '--', 'SelfOptimizationTest']' returned non-zero exit status 1.
2024-09-22 03:32:52,176 - hermod - WARNING - Rollback failed. You may need to manually reset changes for SelfOptimizationTest.
2024-09-22 03:32:52,176 - hermod - INFO - Generating documentation for project: SelfOptimizationTest
2024-09-22 03:32:52,514 - hermod - ERROR - Failed to initialize Sphinx: Command '['sphinx-quickstart', '--quiet', '--project', 'HermodProject', '--author', 'Your Name', '--sep', '--makefile', '--no-batchfile']' returned non-zero exit status 1.
2024-09-22 03:32:52,514 - hermod - INFO - Running security scan on project: SelfOptimizationTest
2024-09-22 03:32:53,859 - hermod - INFO - Security scan completed. Report saved to logs\security_scan_report.txt
2024-09-22 03:32:53,859 - hermod - INFO - Deploying project: SelfOptimizationTest with deployment type: local
2024-09-22 03:32:53,859 - hermod - ERROR - main.py not found in the project directory: SelfOptimizationTest
2024-09-22 03:32:53,859 - hermod - INFO - Starting self-optimization and correction for project: SelfOptimizationTest
2024-09-22 03:32:53,859 - hermod - INFO - Analyzing logs from logs\hermod.log...
2024-09-22 03:32:53,860 - hermod - INFO - Identified error: ERROR - main.py not found in the project directory: SelfOptimizationTest
2024-09-22 03:32:55,403 - hermod - INFO - Code generation successful.
2024-09-22 03:32:55,403 - hermod - ERROR - Failed to generate a code fix.
2024-09-22 03:32:55,403 - hermod - INFO - Self-optimization and correction completed.
2024-09-22 03:32:55,403 - hermod - INFO - Application development workflow completed successfully.
2024-09-22 03:38:39,653 - hermod - INFO - Configuration loaded: {'app_name': 'Hermod', 'author': 'Your Name', 'description': 'Autonomous AI-powered development assistant', 'version': '0.1.0'}
2024-09-22 03:38:39,654 - hermod - INFO - Starting application development workflow for project: SelfOptimizationTest
2024-09-22 03:38:39,654 - hermod - INFO - Project specification: Optimize and refactor the code for performance improvements
2024-09-22 03:38:39,654 - hermod - INFO - Generating main.py for SelfOptimizationTest.
2024-09-22 03:38:40,327 - hermod - INFO - Code generation successful.
2024-09-22 03:38:40,327 - hermod - ERROR - Failed to generate main.py for SelfOptimizationTest.
2024-09-22 03:38:42,119 - hermod - INFO - Code generation successful.
2024-09-22 03:38:42,119 - hermod - ERROR - Code generation returned no response.
2024-09-22 03:38:42,119 - hermod - ERROR - No components generated from the specification.
2024-09-22 03:38:42,119 - hermod - INFO - Initialized a new AI model for refactoring.
2024-09-22 03:38:42,122 - hermod - INFO - Running tests for project: SelfOptimizationTest
2024-09-22 03:38:42,197 - hermod - ERROR - Some tests failed.
2024-09-22 03:38:42,260 - hermod - WARNING - SelfOptimizationTest is not tracked by Git. Cannot rollback.
2024-09-22 03:38:42,260 - hermod - INFO - Generating documentation for project: SelfOptimizationTest
2024-09-22 03:38:42,260 - hermod - ERROR - Docs directory is not empty. Sphinx cannot initialize in a non-empty directory.
2024-09-22 03:38:42,260 - hermod - INFO - Running security scan on project: SelfOptimizationTest
2024-09-22 03:38:42,502 - hermod - INFO - Security scan completed. Report saved to logs\security_scan_report.txt
2024-09-22 03:38:42,502 - hermod - INFO - Deploying project: SelfOptimizationTest with deployment type: local
2024-09-22 03:38:42,503 - hermod - ERROR - main.py not found in the project directory: SelfOptimizationTest
2024-09-22 03:38:42,503 - hermod - INFO - Starting self-optimization and correction for project: SelfOptimizationTest
2024-09-22 03:38:42,503 - hermod - INFO - Analyzing logs from logs\hermod.log...
2024-09-22 03:38:42,503 - hermod - INFO - Identified error: ERROR - main.py not found in the project directory: SelfOptimizationTest
2024-09-22 03:38:43,542 - hermod - INFO - Code generation successful.
2024-09-22 03:38:43,543 - hermod - ERROR - Failed to generate a code fix.
2024-09-22 03:38:43,543 - hermod - INFO - Self-optimization and correction completed.
2024-09-22 03:38:43,543 - hermod - INFO - Application development workflow completed successfully.
2024-09-22 03:42:13,270 - hermod - INFO - Configuration loaded: {'app_name': 'Hermod', 'author': 'Your Name', 'description': 'Autonomous AI-powered development assistant', 'version': '0.1.0'}
2024-09-22 03:42:13,271 - hermod - INFO - Starting application development workflow for project: SelfOptimizationTest
2024-09-22 03:42:13,271 - hermod - INFO - Project specification: Optimize and refactor the code for performance improvements
2024-09-22 03:42:13,271 - hermod - INFO - Generating main.py for SelfOptimizationTest.
2024-09-22 03:42:13,889 - hermod - INFO - Code generation successful.
2024-09-22 03:42:13,889 - hermod - ERROR - Failed to generate main.py for SelfOptimizationTest. Please check the code generation logic.
2024-09-22 03:42:13,889 - hermod - INFO - Initialized a new AI model for refactoring.
2024-09-22 03:42:13,891 - hermod - INFO - Running tests for project: SelfOptimizationTest
2024-09-22 03:42:13,954 - hermod - ERROR - Some tests failed.
2024-09-22 03:42:14,011 - hermod - WARNING - SelfOptimizationTest is not tracked by Git. Cannot rollback.
2024-09-22 03:42:14,012 - hermod - INFO - Generating documentation for project: SelfOptimizationTest
2024-09-22 03:42:14,012 - hermod - ERROR - Docs directory is not empty. Sphinx cannot initialize in a non-empty directory.
2024-09-22 03:42:14,012 - hermod - INFO - Running security scan on project: SelfOptimizationTest
2024-09-22 03:42:14,244 - hermod - INFO - Security scan completed. Report saved to logs\security_scan_report.txt
2024-09-22 03:42:14,244 - hermod - INFO - Deploying project: SelfOptimizationTest with deployment type: local
2024-09-22 03:42:14,244 - hermod - ERROR - main.py not found in the project directory: SelfOptimizationTest
2024-09-22 03:42:14,244 - hermod - INFO - Starting self-optimization and correction for project: SelfOptimizationTest
2024-09-22 03:42:14,244 - hermod - INFO - Analyzing logs from logs\hermod.log...
2024-09-22 03:42:14,245 - hermod - INFO - Identified error: ERROR - main.py not found in the project directory: SelfOptimizationTest
2024-09-22 03:42:15,151 - hermod - INFO - Code generation successful.
2024-09-22 03:42:15,151 - hermod - ERROR - Failed to generate a code fix.
2024-09-22 03:42:15,151 - hermod - INFO - Self-optimization and correction completed.
2024-09-22 03:42:15,151 - hermod - INFO - Application development workflow completed successfully.
2024-09-22 03:43:57,993 - hermod - INFO - Configuration loaded: {'app_name': 'Hermod', 'author': 'Your Name', 'description': 'Autonomous AI-powered development assistant', 'version': '0.1.0'}
2024-09-22 03:43:57,994 - hermod - INFO - Starting refactoring for module: hermod.core.optimization
2024-09-22 03:43:57,994 - hermod - ERROR - Module hermod.core.optimization not found.
2024-09-22 03:44:10,102 - hermod - INFO - Configuration loaded: {'app_name': 'Hermod', 'author': 'Your Name', 'description': 'Autonomous AI-powered development assistant', 'version': '0.1.0'}
2024-09-22 03:44:10,102 - hermod - INFO - Starting refactoring for module: hermod.main
2024-09-22 03:44:10,102 - hermod - ERROR - Module hermod.main not found.
2024-09-22 03:45:12,774 - hermod - INFO - Configuration loaded: {'app_name': 'Hermod', 'author': 'Your Name', 'description': 'Autonomous AI-powered development assistant', 'version': '0.1.0'}
2024-09-22 03:45:12,775 - hermod - INFO - Starting refactoring for module: hermod.core.metrics_collector
2024-09-22 03:45:12,775 - hermod - ERROR - Module hermod.core.metrics_collector not found.
2024-09-22 03:46:10,482 - hermod - INFO - Configuration loaded: {'app_name': 'Hermod', 'author': 'Your Name', 'description': 'Autonomous AI-powered development assistant', 'version': '0.1.0'}
2024-09-22 03:46:10,483 - hermod - INFO - Starting refactoring for module: hermod.core.optimization
2024-09-22 03:46:10,483 - hermod - ERROR - Module hermod.core.optimization not found.
2024-09-22 03:46:15,228 - hermod - INFO - Configuration loaded: {'app_name': 'Hermod', 'author': 'Your Name', 'description': 'Autonomous AI-powered development assistant', 'version': '0.1.0'}
2024-09-22 03:46:15,229 - hermod - INFO - Starting refactoring for module: hermod.main
2024-09-22 03:46:15,229 - hermod - ERROR - Module hermod.main not found.
2024-09-22 03:49:28,263 - hermod - INFO - Starting refactoring for module: hermod/core/nonexistent.py
2024-09-22 03:49:28,264 - hermod - INFO - Starting refactoring for module: hermod/core/code_generation.py
2024-09-22 03:51:10,123 - hermod - INFO - Analyzing logs from logs/nonexistent.log...
2024-09-22 03:51:10,126 - hermod - INFO - Analyzing logs from logs/hermod.log...
2024-09-22 03:51:10,126 - hermod - INFO - No errors found in the logs.
2024-09-22 03:51:10,128 - hermod - ERROR - Unexpected error: API Error
2024-09-22 03:51:10,129 - hermod - INFO - Code generation successful.
2024-09-22 03:51:10,130 - hermod - INFO - Generating documentation for project: TestProject
2024-09-22 03:51:10,132 - hermod - INFO - Generating documentation for project: TestProject
2024-09-22 03:51:10,132 - hermod - INFO - Generating documentation for project: TestProject
2024-09-22 03:51:10,133 - hermod - INFO - Generating documentation for project: TestProject
2024-09-22 03:51:10,133 - hermod - INFO - Project specification: Faulty specification that results in no components.
2024-09-22 03:51:10,134 - hermod - INFO - Generating main.py for FaultyProject.
2024-09-22 03:51:11,041 - hermod - INFO - Code generation successful.
2024-09-22 03:51:11,041 - hermod - ERROR - Failed to generate main.py for FaultyProject. Please check the code generation logic.
2024-09-22 03:51:11,042 - hermod - INFO - Project specification: Create a project for data analysis with modules for data processing and visualization.
2024-09-22 03:51:11,042 - hermod - INFO - Generating main.py for DataAnalysisProject.
2024-09-22 03:51:11,042 - hermod - INFO - Generated and saved data_processing.py in DataAnalysisProject/
2024-09-22 03:51:11,042 - hermod - INFO - Generated and saved visualization.py in DataAnalysisProject/
2024-09-22 03:51:11,043 - hermod - INFO - Generated and saved README.md in DataAnalysisProject/
2024-09-22 03:51:11,043 - hermod - ERROR - Code generation returned no response.
2024-09-22 03:51:11,044 - hermod - INFO - Starting refactoring for module: hermod/core/nonexistent.py
2024-09-22 03:51:11,045 - hermod - INFO - Starting refactoring for module: hermod/core/code_generation.py
2024-09-22 03:51:25,890 - hermod - INFO - Analyzing logs from logs/nonexistent.log...
2024-09-22 03:51:25,893 - hermod - INFO - Analyzing logs from logs/hermod.log...
2024-09-22 03:51:25,893 - hermod - INFO - No errors found in the logs.
2024-09-22 03:51:25,894 - hermod - ERROR - Unexpected error: API Error
2024-09-22 03:51:25,895 - hermod - INFO - Code generation successful.
2024-09-22 03:51:25,896 - hermod - INFO - Generating documentation for project: TestProject
2024-09-22 03:51:25,897 - hermod - INFO - Generating documentation for project: TestProject
2024-09-22 03:51:25,898 - hermod - INFO - Generating documentation for project: TestProject
2024-09-22 03:51:25,899 - hermod - INFO - Generating documentation for project: TestProject
2024-09-22 03:51:25,899 - hermod - INFO - Project specification: Faulty specification that results in no components.
2024-09-22 03:51:25,899 - hermod - INFO - Generating main.py for FaultyProject.
2024-09-22 03:51:26,496 - hermod - INFO - Code generation successful.
2024-09-22 03:51:26,496 - hermod - ERROR - Failed to generate main.py for FaultyProject. Please check the code generation logic.
2024-09-22 03:51:26,498 - hermod - INFO - Project specification: Create a project for data analysis with modules for data processing and visualization.
2024-09-22 03:51:26,498 - hermod - INFO - Generating main.py for DataAnalysisProject.
2024-09-22 03:51:26,498 - hermod - INFO - Generated and saved data_processing.py in DataAnalysisProject/
2024-09-22 03:51:26,498 - hermod - INFO - Generated and saved visualization.py in DataAnalysisProject/
2024-09-22 03:51:26,498 - hermod - INFO - Generated and saved README.md in DataAnalysisProject/
2024-09-22 03:51:26,499 - hermod - ERROR - Code generation returned no response.
2024-09-22 03:51:26,499 - hermod - INFO - Starting refactoring for module: hermod/core/nonexistent.py
2024-09-22 03:51:26,500 - hermod - INFO - Starting refactoring for module: hermod/core/code_generation.py
2024-09-22 03:53:44,407 - hermod - INFO - Analyzing logs from logs/nonexistent.log...
2024-09-22 03:53:44,410 - hermod - INFO - Analyzing logs from logs/hermod.log...
2024-09-22 03:53:44,410 - hermod - INFO - No errors found in the logs.
2024-09-22 03:53:44,412 - hermod - ERROR - Unexpected error: API Error
2024-09-22 03:53:44,412 - hermod - INFO - Code generation successful.
2024-09-22 03:53:44,414 - hermod - ERROR - Failed to create Dockerfile at TestProject\Dockerfile: Permission denied
2024-09-22 03:53:44,415 - hermod - INFO - Dockerfile created at TestProject\Dockerfile
2024-09-22 03:53:44,415 - hermod - INFO - Deploying project: TestProject with deployment type: docker
2024-09-22 03:53:44,416 - hermod - INFO - Deploying project: TestProject with deployment type: local
2024-09-22 03:53:44,417 - hermod - INFO - Project specification: Faulty specification that results in no components.
2024-09-22 03:53:44,417 - hermod - INFO - Generating main.py for FaultyProject.
2024-09-22 03:53:45,654 - hermod - INFO - Code generation successful.
2024-09-22 03:53:45,655 - hermod - ERROR - Failed to generate main.py for FaultyProject. Please check the code generation logic.
2024-09-22 03:53:45,655 - hermod - INFO - Project specification: Create a project for data analysis with modules for data processing and visualization.
2024-09-22 03:53:45,655 - hermod - INFO - Generating main.py for DataAnalysisProject.
2024-09-22 03:53:45,656 - hermod - INFO - Generated and saved data_processing.py in DataAnalysisProject/
2024-09-22 03:53:45,656 - hermod - INFO - Generated and saved visualization.py in DataAnalysisProject/
2024-09-22 03:53:45,656 - hermod - INFO - Generated and saved README.md in DataAnalysisProject/
2024-09-22 03:53:45,656 - hermod - ERROR - Code generation returned no response.
2024-09-22 03:53:45,657 - hermod - INFO - Starting refactoring for module: hermod/core/nonexistent.py
2024-09-22 03:53:45,658 - hermod - INFO - Starting refactoring for module: hermod/core/code_generation.py
2024-09-22 03:54:11,908 - hermod - INFO - Analyzing logs from logs/nonexistent.log...
2024-09-22 03:54:11,910 - hermod - INFO - Analyzing logs from logs/hermod.log...
2024-09-22 03:54:11,910 - hermod - INFO - No errors found in the logs.
2024-09-22 03:54:11,912 - hermod - ERROR - Unexpected error: API Error
2024-09-22 03:54:11,912 - hermod - INFO - Code generation successful.
2024-09-22 03:54:11,914 - hermod - ERROR - Failed to create Dockerfile at TestProject\Dockerfile: Permission denied
2024-09-22 03:54:11,915 - hermod - INFO - Dockerfile created at TestProject\Dockerfile
2024-09-22 03:54:11,916 - hermod - INFO - Deploying project: TestProject with deployment type: docker
2024-09-22 03:54:11,921 - hermod - INFO - Deploying project: TestProject with deployment type: local
2024-09-22 03:54:11,922 - hermod - INFO - Project specification: Faulty specification that results in no components.
2024-09-22 03:54:11,922 - hermod - INFO - Generating main.py for FaultyProject.
2024-09-22 03:54:12,522 - hermod - INFO - Code generation successful.
2024-09-22 03:54:12,522 - hermod - ERROR - Failed to generate main.py for FaultyProject. Please check the code generation logic.
2024-09-22 03:54:12,522 - hermod - INFO - Project specification: Create a project for data analysis with modules for data processing and visualization.
2024-09-22 03:54:12,522 - hermod - INFO - Generating main.py for DataAnalysisProject.
2024-09-22 03:54:12,523 - hermod - INFO - Generated and saved data_processing.py in DataAnalysisProject/
2024-09-22 03:54:12,523 - hermod - INFO - Generated and saved visualization.py in DataAnalysisProject/
2024-09-22 03:54:12,523 - hermod - INFO - Generated and saved README.md in DataAnalysisProject/
2024-09-22 03:54:12,523 - hermod - ERROR - Code generation returned no response.
2024-09-22 03:54:12,524 - hermod - INFO - Starting refactoring for module: hermod/core/nonexistent.py
2024-09-22 03:54:12,528 - hermod - INFO - Starting refactoring for module: hermod/core/code_generation.py
2024-09-22 03:56:53,568 - hermod - INFO - Analyzing logs from logs/nonexistent.log...
2024-09-22 03:56:53,570 - hermod - INFO - Analyzing logs from logs/hermod.log...
2024-09-22 03:56:53,571 - hermod - INFO - No errors found in the logs.
2024-09-22 03:56:53,573 - hermod - ERROR - Unexpected error: API Error
2024-09-22 03:56:53,573 - hermod - INFO - Code generation successful.
2024-09-22 03:56:53,575 - hermod - ERROR - Failed to create Dockerfile at TestProject\Dockerfile: Permission denied
2024-09-22 03:56:53,576 - hermod - INFO - Dockerfile created at TestProject\Dockerfile
2024-09-22 03:56:53,577 - hermod - INFO - Deploying project: TestProject with deployment type: docker
2024-09-22 03:56:53,580 - hermod - INFO - Deploying project: TestProject with deployment type: local
2024-09-22 03:56:53,581 - hermod - INFO - Generating documentation for project: TestProject
2024-09-22 03:56:53,583 - hermod - INFO - Generating documentation for project: TestProject
2024-09-22 03:56:53,584 - hermod - INFO - Generating documentation for project: TestProject
2024-09-22 03:56:53,584 - hermod - INFO - Generating documentation for project: TestProject
2024-09-22 03:56:53,585 - hermod - INFO - Project specification: Faulty specification that results in no components.
2024-09-22 03:56:53,585 - hermod - INFO - Generating main.py for FaultyProject.
2024-09-22 03:56:54,403 - hermod - INFO - Code generation successful.
2024-09-22 03:56:54,404 - hermod - ERROR - Failed to generate main.py for FaultyProject. Please check the code generation logic.
2024-09-22 03:56:54,405 - hermod - INFO - Project specification: Create a project for data analysis with modules for data processing and visualization.
2024-09-22 03:56:54,405 - hermod - INFO - Generating main.py for DataAnalysisProject.
2024-09-22 03:56:54,405 - hermod - INFO - Generated and saved data_processing.py in DataAnalysisProject/
2024-09-22 03:56:54,405 - hermod - INFO - Generated and saved visualization.py in DataAnalysisProject/
2024-09-22 03:56:54,405 - hermod - INFO - Generated and saved README.md in DataAnalysisProject/
2024-09-22 03:56:54,406 - hermod - ERROR - Code generation returned no response.
2024-09-22 03:56:54,406 - hermod - INFO - Starting refactoring for module: hermod/core/nonexistent.py
2024-09-22 03:56:54,407 - hermod - INFO - Starting refactoring for module: hermod/core/code_generation.py
2024-09-22 03:57:04,190 - hermod - INFO - Analyzing logs from logs/nonexistent.log...
2024-09-22 03:57:04,192 - hermod - INFO - Analyzing logs from logs/hermod.log...
2024-09-22 03:57:04,193 - hermod - INFO - No errors found in the logs.
2024-09-22 03:57:04,194 - hermod - ERROR - Unexpected error: API Error
2024-09-22 03:57:04,194 - hermod - INFO - Code generation successful.
2024-09-22 03:57:04,198 - hermod - ERROR - Failed to create Dockerfile at TestProject\Dockerfile: Permission denied
2024-09-22 03:57:04,199 - hermod - INFO - Dockerfile created at TestProject\Dockerfile
2024-09-22 03:57:04,199 - hermod - INFO - Deploying project: TestProject with deployment type: docker
2024-09-22 03:57:04,201 - hermod - INFO - Deploying project: TestProject with deployment type: local
2024-09-22 03:57:04,201 - hermod - INFO - Generating documentation for project: TestProject
2024-09-22 03:57:04,203 - hermod - INFO - Generating documentation for project: TestProject
2024-09-22 03:57:04,203 - hermod - INFO - Generating documentation for project: TestProject
2024-09-22 03:57:04,204 - hermod - INFO - Generating documentation for project: TestProject
2024-09-22 03:57:04,205 - hermod - INFO - Project specification: Faulty specification that results in no components.
2024-09-22 03:57:04,205 - hermod - INFO - Generating main.py for FaultyProject.
2024-09-22 03:57:06,017 - hermod - INFO - Code generation successful.
2024-09-22 03:57:06,017 - hermod - ERROR - Failed to generate main.py for FaultyProject. Please check the code generation logic.
2024-09-22 03:57:06,018 - hermod - INFO - Project specification: Create a project for data analysis with modules for data processing and visualization.
2024-09-22 03:57:06,018 - hermod - INFO - Generating main.py for DataAnalysisProject.
2024-09-22 03:57:06,019 - hermod - INFO - Generated and saved data_processing.py in DataAnalysisProject/
2024-09-22 03:57:06,019 - hermod - INFO - Generated and saved visualization.py in DataAnalysisProject/
2024-09-22 03:57:06,019 - hermod - INFO - Generated and saved README.md in DataAnalysisProject/
2024-09-22 03:57:06,019 - hermod - ERROR - Code generation returned no response.
2024-09-22 03:57:06,020 - hermod - INFO - Starting refactoring for module: hermod/core/nonexistent.py
2024-09-22 03:57:06,021 - hermod - INFO - Starting refactoring for module: hermod/core/code_generation.py
2024-09-22 03:57:42,821 - hermod - INFO - Analyzing logs from logs/nonexistent.log...
2024-09-22 03:57:42,824 - hermod - INFO - Analyzing logs from logs/hermod.log...
2024-09-22 03:57:42,824 - hermod - INFO - No errors found in the logs.
2024-09-22 03:57:42,826 - hermod - ERROR - Unexpected error: API Error
2024-09-22 03:57:42,826 - hermod - INFO - Code generation successful.
2024-09-22 03:57:42,830 - hermod - ERROR - Failed to create Dockerfile at TestProject\Dockerfile: Permission denied
2024-09-22 03:57:42,831 - hermod - INFO - Dockerfile created at TestProject\Dockerfile
2024-09-22 03:57:42,832 - hermod - INFO - Deploying project: TestProject with deployment type: docker
2024-09-22 03:57:42,833 - hermod - INFO - Deploying project: TestProject with deployment type: local
2024-09-22 03:57:42,835 - hermod - INFO - Generating documentation for project: TestProject
2024-09-22 03:57:42,836 - hermod - INFO - Generating documentation for project: TestProject
2024-09-22 03:57:42,836 - hermod - INFO - Generating documentation for project: TestProject
2024-09-22 03:57:42,837 - hermod - INFO - Generating documentation for project: TestProject
2024-09-22 03:57:42,837 - hermod - INFO - Project specification: Faulty specification that results in no components.
2024-09-22 03:57:42,837 - hermod - INFO - Generating main.py for FaultyProject.
2024-09-22 03:57:43,446 - hermod - INFO - Code generation successful.
2024-09-22 03:57:43,446 - hermod - ERROR - Failed to generate main.py for FaultyProject. Please check the code generation logic.
2024-09-22 03:57:43,447 - hermod - INFO - Project specification: Create a project for data analysis with modules for data processing and visualization.
2024-09-22 03:57:43,447 - hermod - INFO - Generating main.py for DataAnalysisProject.
2024-09-22 03:57:43,448 - hermod - INFO - Generated and saved data_processing.py in DataAnalysisProject/
2024-09-22 03:57:43,448 - hermod - INFO - Generated and saved visualization.py in DataAnalysisProject/
2024-09-22 03:57:43,448 - hermod - INFO - Generated and saved README.md in DataAnalysisProject/
2024-09-22 03:57:43,448 - hermod - ERROR - Code generation returned no response.
2024-09-22 03:57:43,449 - hermod - INFO - Starting refactoring for module: hermod/core/nonexistent.py
2024-09-22 03:57:43,450 - hermod - INFO - Starting refactoring for module: hermod/core/code_generation.py
